<?xml version="1.0" encoding="UTF-8"?>
<!-- Generated by org.testng.reporters.JUnitReportReporter -->
<testsuite hostname="GiriLaptop" failures="0" tests="3" name="api.Testcases.TestUsersDD" time="5.069" errors="0" timestamp="2023-08-03T11:41:01 IST" skipped="0">
  <testcase classname="api.Testcases.TestUsersDD" name="Getusers" time="1.171"/>
  <system-out/>
  <testcase classname="api.Testcases.TestUsersDD" name="Getusers" time="2.791"/>
  <system-out/>
  <testcase classname="api.Testcases.TestUsersDD" name="Getusers" time="1.107"/>
  <system-out/>
</testsuite> <!-- api.Testcases.TestUsersDD -->
