<?xml version="1.0" encoding="UTF-8"?>
<!-- Generated by org.testng.reporters.JUnitReportReporter -->
<testsuite hostname="GiriLaptop" failures="0" tests="4" name="api.Testcases.TestUsers" time="8.517" errors="0" timestamp="2023-08-01T12:53:24 IST" skipped="0">
  <testcase classname="api.Testcases.TestUsers" name="Postusers" time="3.615"/>
  <system-out/>
  <testcase classname="api.Testcases.TestUsers" name="Getusers" time="1.224"/>
  <system-out/>
  <testcase classname="api.Testcases.TestUsers" name="Putusers" time="2.492"/>
  <system-out/>
  <testcase classname="api.Testcases.TestUsers" name="Deleteusers" time="1.186"/>
  <system-out/>
</testsuite> <!-- api.Testcases.TestUsers -->
