<?xml version="1.0" encoding="UTF-8"?>
<!-- Generated by org.testng.reporters.JUnitReportReporter -->
<testsuite hostname="GiriLaptop" failures="0" tests="12" name="api.Testcases.TestUsersDD2" time="20.860" errors="0" timestamp="2023-08-03T12:34:16 IST" skipped="0">
  <testcase classname="api.Testcases.TestUsersDD2" name="Postusers" time="1.245"/>
  <system-out/>
  <testcase classname="api.Testcases.TestUsersDD2" name="Postusers" time="1.334"/>
  <system-out/>
  <testcase classname="api.Testcases.TestUsersDD2" name="Postusers" time="3.678"/>
  <system-out/>
  <testcase classname="api.Testcases.TestUsersDD2" name="Getusers" time="1.234"/>
  <system-out/>
  <testcase classname="api.Testcases.TestUsersDD2" name="Getusers" time="1.225"/>
  <system-out/>
  <testcase classname="api.Testcases.TestUsersDD2" name="Getusers" time="1.243"/>
  <system-out/>
  <testcase classname="api.Testcases.TestUsersDD2" name="Putusers" time="2.417"/>
  <system-out/>
  <testcase classname="api.Testcases.TestUsersDD2" name="Putusers" time="2.380"/>
  <system-out/>
  <testcase classname="api.Testcases.TestUsersDD2" name="Putusers" time="2.405"/>
  <system-out/>
  <testcase classname="api.Testcases.TestUsersDD2" name="Deleteusers" time="1.260"/>
  <system-out/>
  <testcase classname="api.Testcases.TestUsersDD2" name="Deleteusers" time="1.259"/>
  <system-out/>
  <testcase classname="api.Testcases.TestUsersDD2" name="Deleteusers" time="1.180"/>
  <system-out/>
</testsuite> <!-- api.Testcases.TestUsersDD2 -->
