<?xml version="1.0" encoding="UTF-8"?>
<!-- Generated by org.testng.reporters.JUnitReportReporter -->
<testsuite hostname="GiriLaptop" failures="0" tests="12" name="api.Testcases.TestUsersDD" time="21.392" errors="0" timestamp="2023-08-03T12:46:48 IST" skipped="0">
  <testcase classname="api.Testcases.TestUsersDD" name="Postusers" time="1.161"/>
  <system-out/>
  <testcase classname="api.Testcases.TestUsersDD" name="Postusers" time="4.600"/>
  <system-out/>
  <testcase classname="api.Testcases.TestUsersDD" name="Postusers" time="1.257"/>
  <system-out/>
  <testcase classname="api.Testcases.TestUsersDD" name="Getusers" time="1.265"/>
  <system-out/>
  <testcase classname="api.Testcases.TestUsersDD" name="Getusers" time="1.205"/>
  <system-out/>
  <testcase classname="api.Testcases.TestUsersDD" name="Getusers" time="1.198"/>
  <system-out/>
  <testcase classname="api.Testcases.TestUsersDD" name="Putusers" time="2.426"/>
  <system-out/>
  <testcase classname="api.Testcases.TestUsersDD" name="Putusers" time="2.394"/>
  <system-out/>
  <testcase classname="api.Testcases.TestUsersDD" name="Putusers" time="2.348"/>
  <system-out/>
  <testcase classname="api.Testcases.TestUsersDD" name="Deleteusers" time="1.183"/>
  <system-out/>
  <testcase classname="api.Testcases.TestUsersDD" name="Deleteusers" time="1.197"/>
  <system-out/>
  <testcase classname="api.Testcases.TestUsersDD" name="Deleteusers" time="1.158"/>
  <system-out/>
</testsuite> <!-- api.Testcases.TestUsersDD -->
